Using pre-set license
Built from '2022.3/staging' branch; Version is '2022.3.29f1 (8d510ca76d2b) revision 9261324'; Using compiler version '192829333'; Build Type 'Release'
OS: 'Windows 11  (10.0.22631) 64bit Enterprise' Language: 'en' Physical Memory: 7501 MB
BatchMode: 1, IsHumanControllingUs: 0, StartBugReporterOnCrash: 0, Is64bit: 1, IsPro: 1

COMMAND LINE ARGUMENTS:
C:\Program Files\Unity 2022.3.29f1\Editor\Unity.exe
-adb2
-batchMode
-noUpm
-name
AssetImportWorker0
-projectPath
C:/Users/cosmi/Documents/GitHub/ProgrammingNinja/FruitNinja
-logFile
Logs/AssetImportWorker0.log
-srvPort
63426
Successfully changed project path to: C:/Users/cosmi/Documents/GitHub/ProgrammingNinja/FruitNinja
C:/Users/cosmi/Documents/GitHub/ProgrammingNinja/FruitNinja
[UnityMemory] Configuration Parameters - Can be set up in boot.config
    "memorysetup-bucket-allocator-granularity=16"
    "memorysetup-bucket-allocator-bucket-count=8"
    "memorysetup-bucket-allocator-block-size=33554432"
    "memorysetup-bucket-allocator-block-count=8"
    "memorysetup-main-allocator-block-size=16777216"
    "memorysetup-thread-allocator-block-size=16777216"
    "memorysetup-gfx-main-allocator-block-size=16777216"
    "memorysetup-gfx-thread-allocator-block-size=16777216"
    "memorysetup-cache-allocator-block-size=4194304"
    "memorysetup-typetree-allocator-block-size=2097152"
    "memorysetup-profiler-bucket-allocator-granularity=16"
    "memorysetup-profiler-bucket-allocator-bucket-count=8"
    "memorysetup-profiler-bucket-allocator-block-size=33554432"
    "memorysetup-profiler-bucket-allocator-block-count=8"
    "memorysetup-profiler-allocator-block-size=16777216"
    "memorysetup-profiler-editor-allocator-block-size=1048576"
    "memorysetup-temp-allocator-size-main=16777216"
    "memorysetup-job-temp-allocator-block-size=2097152"
    "memorysetup-job-temp-allocator-block-size-background=1048576"
    "memorysetup-job-temp-allocator-reduction-small-platforms=262144"
    "memorysetup-allocator-temp-initial-block-size-main=262144"
    "memorysetup-allocator-temp-initial-block-size-worker=262144"
    "memorysetup-temp-allocator-size-background-worker=32768"
    "memorysetup-temp-allocator-size-job-worker=262144"
    "memorysetup-temp-allocator-size-preload-manager=33554432"
    "memorysetup-temp-allocator-size-nav-mesh-worker=65536"
    "memorysetup-temp-allocator-size-audio-worker=65536"
    "memorysetup-temp-allocator-size-cloud-worker=32768"
    "memorysetup-temp-allocator-size-gi-baking-worker=262144"
    "memorysetup-temp-allocator-size-gfx=262144"
Player connection [7052] Host "[IP] 172.28.80.1 [Port] 0 [Flags] 2 [Guid] 722607511 [EditorId] 722607511 [Version] 1048832 [Id] WindowsEditor(7,DESKTOP-7D4TK2H) [Debug] 1 [PackageName] WindowsEditor [ProjectName] Editor" joined multi-casting on [225.0.0.222:54997]...

Player connection [7052] Host "[IP] 172.28.80.1 [Port] 0 [Flags] 2 [Guid] 722607511 [EditorId] 722607511 [Version] 1048832 [Id] WindowsEditor(7,DESKTOP-7D4TK2H) [Debug] 1 [PackageName] WindowsEditor [ProjectName] Editor" joined alternative multi-casting on [225.0.0.222:34997]...

[Physics::Module] Initialized MultithreadedJobDispatcher with 15 workers.
Refreshing native plugins compatible for Editor in 67.77 ms, found 3 plugins.
Preloading 0 native plugins for Editor in 0.00 ms.
Initialize engine version: 2022.3.29f1 (8d510ca76d2b)
[Subsystems] Discovering subsystems at path C:/Program Files/Unity 2022.3.29f1/Editor/Data/Resources/UnitySubsystems
[Subsystems] Discovering subsystems at path C:/Users/cosmi/Documents/GitHub/ProgrammingNinja/FruitNinja/Assets
GfxDevice: creating device client; threaded=0; jobified=0
Direct3D:
    Version:  Direct3D 11.0 [level 11.1]
    Renderer: AMD Radeon(TM) Graphics (ID=0x164c)
    Vendor:   ATI
    VRAM:     3750 MB
    Driver:   31.0.21910.4002
Initialize mono
Mono path[0] = 'C:/Program Files/Unity 2022.3.29f1/Editor/Data/Managed'
Mono path[1] = 'C:/Program Files/Unity 2022.3.29f1/Editor/Data/MonoBleedingEdge/lib/mono/unityjit-win32'
Mono config path = 'C:/Program Files/Unity 2022.3.29f1/Editor/Data/MonoBleedingEdge/etc'
Using monoOptions --debugger-agent=transport=dt_socket,embedding=1,server=y,suspend=n,address=127.0.0.1:56032
Begin MonoManager ReloadAssembly
Registering precompiled unity dll's ...
Register platform support module: C:/Program Files/Unity 2022.3.29f1/Editor/Data/PlaybackEngines/WindowsStandaloneSupport/UnityEditor.WindowsStandalone.Extensions.dll
Registered in 0.008561 seconds.
- Loaded All Assemblies, in  1.337 seconds
Native extension for WindowsStandalone target not found
Mono: successfully reloaded assembly
- Finished resetting the current domain, in  0.742 seconds
Domain Reload Profiling: 2079ms
	BeginReloadAssembly (475ms)
		ExecutionOrderSort (0ms)
		DisableScriptedObjects (0ms)
		BackupInstance (0ms)
		ReleaseScriptingObjects (0ms)
		CreateAndSetChildDomain (2ms)
	RebuildCommonClasses (80ms)
	RebuildNativeTypeToScriptingClass (20ms)
	initialDomainReloadingComplete (168ms)
	LoadAllAssembliesAndSetupDomain (592ms)
		LoadAssemblies (470ms)
		RebuildTransferFunctionScriptingTraits (0ms)
		AnalyzeDomain (586ms)
			TypeCache.Refresh (581ms)
				TypeCache.ScanAssembly (535ms)
			ScanForSourceGeneratedMonoScriptInfo (1ms)
			ResolveRequiredComponents (2ms)
	FinalizeReload (744ms)
		ReleaseScriptCaches (0ms)
		RebuildScriptCaches (0ms)
		SetupLoadedEditorAssemblies (588ms)
			LogAssemblyErrors (0ms)
			InitializePlatformSupportModulesInManaged (17ms)
			SetLoadedEditorAssemblies (22ms)
			RefreshPlugins (0ms)
			BeforeProcessingInitializeOnLoad (6ms)
			ProcessInitializeOnLoadAttributes (410ms)
			ProcessInitializeOnLoadMethodAttributes (132ms)
			AfterProcessingInitializeOnLoad (0ms)
			EditorAssembliesLoaded (0ms)
		ExecutionOrderSort2 (0ms)
		AwakeInstancesAfterBackupRestoration (0ms)
========================================================================
Worker process is ready to serve import requests
Begin MonoManager ReloadAssembly
- Loaded All Assemblies, in  1.095 seconds
Refreshing native plugins compatible for Editor in 7.05 ms, found 3 plugins.
Native extension for WindowsStandalone target not found
Package Manager log level set to [2]
[Package Manager] Server::EnsureServerProcessIsRunning -- launch failed, reason: Unity was launched with the -noUpm command-line argument
[Package Manager] UpmClient::Send -- Unable to send message (not connected to UPM process).
[Package Manager] Cannot connect to Unity Package Manager local server
Mono: successfully reloaded assembly
- Finished resetting the current domain, in  1.026 seconds
Domain Reload Profiling: 2119ms
	BeginReloadAssembly (271ms)
		ExecutionOrderSort (0ms)
		DisableScriptedObjects (6ms)
		BackupInstance (0ms)
		ReleaseScriptingObjects (0ms)
		CreateAndSetChildDomain (31ms)
	RebuildCommonClasses (42ms)
	RebuildNativeTypeToScriptingClass (14ms)
	initialDomainReloadingComplete (66ms)
	LoadAllAssembliesAndSetupDomain (699ms)
		LoadAssemblies (662ms)
		RebuildTransferFunctionScriptingTraits (0ms)
		AnalyzeDomain (227ms)
			TypeCache.Refresh (203ms)
				TypeCache.ScanAssembly (183ms)
			ScanForSourceGeneratedMonoScriptInfo (16ms)
			ResolveRequiredComponents (6ms)
	FinalizeReload (1027ms)
		ReleaseScriptCaches (0ms)
		RebuildScriptCaches (0ms)
		SetupLoadedEditorAssemblies (792ms)
			LogAssemblyErrors (0ms)
			InitializePlatformSupportModulesInManaged (8ms)
			SetLoadedEditorAssemblies (5ms)
			RefreshPlugins (0ms)
			BeforeProcessingInitializeOnLoad (81ms)
			ProcessInitializeOnLoadAttributes (653ms)
			ProcessInitializeOnLoadMethodAttributes (36ms)
			AfterProcessingInitializeOnLoad (10ms)
			EditorAssembliesLoaded (0ms)
		ExecutionOrderSort2 (0ms)
		AwakeInstancesAfterBackupRestoration (10ms)
Launched and connected shader compiler UnityShaderCompiler.exe after 0.11 seconds
Refreshing native plugins compatible for Editor in 6.97 ms, found 3 plugins.
Preloading 0 native plugins for Editor in 0.00 ms.
Unloading 3112 Unused Serialized files (Serialized files now loaded: 0)
Unloading 33 unused Assets / (58.0 KB). Loaded Objects now: 3576.
Memory consumption went from 124.3 MB to 124.2 MB.
Total: 5.905600 ms (FindLiveObjects: 0.507100 ms CreateObjectMapping: 0.140100 ms MarkObjects: 4.776600 ms  DeleteObjects: 0.478900 ms)

AssetImportParameters requested are different than current active one (requested -> active):
  custom:container-demuxer-ogg: 62fdf1f143b41e24485cea50d1cbac27 -> 
  custom:video-decoder-ogg-theora: a1e56fd34408186e4bbccfd4996cb3dc -> 
  custom:framework-win-MediaFoundation: 216162199b28c13a410421893ffa2e32 -> 
  custom:CustomObjectIndexerAttribute: 9a22284fe3817be447336de3de66b15e -> 
  custom:container-demuxer-webm: 4f35f7cbe854078d1ac9338744f61a02 -> 
  custom:container-muxer-webm: aa71ff27fc2769a1b78a27578f13a17b -> 
  custom:video-decoder-webm-vp8: 9c59270c3fd7afecdb556c50c9e8de78 -> 
  custom:SearchIndexIgnoredProperties: e643bd26f0fe6173181afceb89e7c659 -> 
  custom:AudioImporter_EditorPlatform: d09bf68614088b80899f8185d706f6e7 -> 
  custom:video-encoder-webm-vp8: eb34c28f22e8b96e1ab97ce403110664 -> 
  custom:audio-decoder-ogg-vorbis: bf7c407c2cedff20999df2af8eb42d56 -> 
  custom:audio-encoder-webm-vorbis: bf7c407c2cedff20999df2af8eb42d56 -> 
========================================================================
Received Prepare
Begin MonoManager ReloadAssembly
- Loaded All Assemblies, in  2.745 seconds
Refreshing native plugins compatible for Editor in 7.52 ms, found 3 plugins.
Native extension for WindowsStandalone target not found
[Package Manager] Server::EnsureServerProcessIsRunning -- launch failed, reason: Unity was launched with the -noUpm command-line argument
[Package Manager] UpmClient::Send -- Unable to send message (not connected to UPM process).
[Package Manager] Cannot connect to Unity Package Manager local server
Mono: successfully reloaded assembly
- Finished resetting the current domain, in  4.812 seconds
Domain Reload Profiling: 7554ms
	BeginReloadAssembly (970ms)
		ExecutionOrderSort (0ms)
		DisableScriptedObjects (61ms)
		BackupInstance (0ms)
		ReleaseScriptingObjects (1ms)
		CreateAndSetChildDomain (397ms)
	RebuildCommonClasses (70ms)
	RebuildNativeTypeToScriptingClass (14ms)
	initialDomainReloadingComplete (79ms)
	LoadAllAssembliesAndSetupDomain (1608ms)
		LoadAssemblies (1823ms)
		RebuildTransferFunctionScriptingTraits (0ms)
		AnalyzeDomain (112ms)
			TypeCache.Refresh (68ms)
				TypeCache.ScanAssembly (2ms)
			ScanForSourceGeneratedMonoScriptInfo (23ms)
			ResolveRequiredComponents (18ms)
	FinalizeReload (4814ms)
		ReleaseScriptCaches (0ms)
		RebuildScriptCaches (0ms)
		SetupLoadedEditorAssemblies (818ms)
			LogAssemblyErrors (0ms)
			InitializePlatformSupportModulesInManaged (36ms)
			SetLoadedEditorAssemblies (10ms)
			RefreshPlugins (0ms)
			BeforeProcessingInitializeOnLoad (111ms)
			ProcessInitializeOnLoadAttributes (599ms)
			ProcessInitializeOnLoadMethodAttributes (48ms)
			AfterProcessingInitializeOnLoad (8ms)
			EditorAssembliesLoaded (5ms)
		ExecutionOrderSort2 (0ms)
		AwakeInstancesAfterBackupRestoration (13ms)
Refreshing native plugins compatible for Editor in 9.53 ms, found 3 plugins.
Preloading 0 native plugins for Editor in 0.00 ms.
Unloading 3092 Unused Serialized files (Serialized files now loaded: 0)
Unloading 24 unused Assets / (31.7 KB). Loaded Objects now: 3579.
Memory consumption went from 120.2 MB to 120.2 MB.
Total: 12.876100 ms (FindLiveObjects: 1.056700 ms CreateObjectMapping: 0.722600 ms MarkObjects: 10.869800 ms  DeleteObjects: 0.223300 ms)

Prepare: number of updated asset objects reloaded= 0
AssetImportParameters requested are different than current active one (requested -> active):
  custom:container-demuxer-ogg: 62fdf1f143b41e24485cea50d1cbac27 -> 
  custom:video-decoder-ogg-theora: a1e56fd34408186e4bbccfd4996cb3dc -> 
  custom:framework-win-MediaFoundation: 216162199b28c13a410421893ffa2e32 -> 
  custom:CustomObjectIndexerAttribute: 9a22284fe3817be447336de3de66b15e -> 
  custom:container-demuxer-webm: 4f35f7cbe854078d1ac9338744f61a02 -> 
  custom:container-muxer-webm: aa71ff27fc2769a1b78a27578f13a17b -> 
  custom:video-decoder-webm-vp8: 9c59270c3fd7afecdb556c50c9e8de78 -> 
  custom:SearchIndexIgnoredProperties: e643bd26f0fe6173181afceb89e7c659 -> 
  custom:AudioImporter_EditorPlatform: d09bf68614088b80899f8185d706f6e7 -> 
  custom:video-encoder-webm-vp8: eb34c28f22e8b96e1ab97ce403110664 -> 
  custom:audio-decoder-ogg-vorbis: bf7c407c2cedff20999df2af8eb42d56 -> 
  custom:audio-encoder-webm-vorbis: bf7c407c2cedff20999df2af8eb42d56 -> 
========================================================================
Received Import Request.
  Time since last request: 247641.036941 seconds.
  path: Assets/Blades
  artifactKey: Guid(a06d652847905744ea6d553f686783ee) Importer(815301076,1909f56bfc062723c751e8b465ee728b)
Start importing Assets/Blades using Guid(a06d652847905744ea6d553f686783ee) Importer(815301076,1909f56bfc062723c751e8b465ee728b)  -> (artifact id: 'e115ad78a159a68364e2ddd32e246026') in 0.008971 seconds
Number of updated asset objects reloaded before import = 0
Number of asset objects unloaded after import = 0
========================================================================
Received Import Request.
  Time since last request: 8.884191 seconds.
  path: Assets/Blades/Blade.prefab
  artifactKey: Guid(b4dd185480b3b444b983a7b2b94d7430) Importer(815301076,1909f56bfc062723c751e8b465ee728b)
Start importing Assets/Blades/Blade.prefab using Guid(b4dd185480b3b444b983a7b2b94d7430) Importer(815301076,1909f56bfc062723c751e8b465ee728b)  -> (artifact id: '6d007443d3dec43bafbcb0a490d5b9fa') in 0.279742 seconds
Number of updated asset objects reloaded before import = 0
Number of asset objects unloaded after import = 9
========================================================================
Received Import Request.
  Time since last request: 206.949952 seconds.
  path: Assets/Blades/Blade (1) Variant.prefab
  artifactKey: Guid(115573996bd2d3849ab98dd0ff3bb2cf) Importer(815301076,1909f56bfc062723c751e8b465ee728b)
Start importing Assets/Blades/Blade (1) Variant.prefab using Guid(115573996bd2d3849ab98dd0ff3bb2cf) Importer(815301076,1909f56bfc062723c751e8b465ee728b)  -> (artifact id: 'a01f0904953f857119730d0fe2550e69') in 0.033031 seconds
Number of updated asset objects reloaded before import = 0
Number of asset objects unloaded after import = 19
========================================================================
Received Import Request.
  Time since last request: 12.765999 seconds.
  path: Assets/Blades/Blade verde.prefab
  artifactKey: Guid(115573996bd2d3849ab98dd0ff3bb2cf) Importer(815301076,1909f56bfc062723c751e8b465ee728b)
Start importing Assets/Blades/Blade verde.prefab using Guid(115573996bd2d3849ab98dd0ff3bb2cf) Importer(815301076,1909f56bfc062723c751e8b465ee728b)  -> (artifact id: '107a5facccbb17f640a98afac0157adf') in 0.015887 seconds
Number of updated asset objects reloaded before import = 0
Number of asset objects unloaded after import = 19
========================================================================
Received Import Request.
  Time since last request: 52.232159 seconds.
  path: Assets/Blades/Blade (1) Variant.prefab
  artifactKey: Guid(c836054396e45ff4b874526c3cc39f00) Importer(815301076,1909f56bfc062723c751e8b465ee728b)
Start importing Assets/Blades/Blade (1) Variant.prefab using Guid(c836054396e45ff4b874526c3cc39f00) Importer(815301076,1909f56bfc062723c751e8b465ee728b)  -> (artifact id: '5e04bfc87ca9bd9e2688b2d432d62a4c') in 0.031271 seconds
Number of updated asset objects reloaded before import = 0
Number of asset objects unloaded after import = 19
========================================================================
Received Import Request.
  Time since last request: 16.775437 seconds.
  path: Assets/Blades/Blade rosu.prefab
  artifactKey: Guid(c836054396e45ff4b874526c3cc39f00) Importer(815301076,1909f56bfc062723c751e8b465ee728b)
Start importing Assets/Blades/Blade rosu.prefab using Guid(c836054396e45ff4b874526c3cc39f00) Importer(815301076,1909f56bfc062723c751e8b465ee728b)  -> (artifact id: '2d5a26d54f76863153f2132ed60c134e') in 0.017041 seconds
Number of updated asset objects reloaded before import = 0
Number of asset objects unloaded after import = 19
========================================================================
Received Import Request.
  Time since last request: 35.572521 seconds.
  path: Assets/Blades/Blade rosu.prefab
  artifactKey: Guid(c836054396e45ff4b874526c3cc39f00) Importer(815301076,1909f56bfc062723c751e8b465ee728b)
Start importing Assets/Blades/Blade rosu.prefab using Guid(c836054396e45ff4b874526c3cc39f00) Importer(815301076,1909f56bfc062723c751e8b465ee728b)  -> (artifact id: '2725777d332a52403879008a9bb41d29') in 0.013278 seconds
Number of updated asset objects reloaded before import = 0
Number of asset objects unloaded after import = 19
========================================================================
Received Import Request.
  Time since last request: 20.319287 seconds.
  path: Assets/Blades/Blade verde.prefab
  artifactKey: Guid(115573996bd2d3849ab98dd0ff3bb2cf) Importer(815301076,1909f56bfc062723c751e8b465ee728b)
Start importing Assets/Blades/Blade verde.prefab using Guid(115573996bd2d3849ab98dd0ff3bb2cf) Importer(815301076,1909f56bfc062723c751e8b465ee728b)  -> (artifact id: 'ab2d2daff6d205d94a723c8c5306a3e7') in 0.025857 seconds
Number of updated asset objects reloaded before import = 0
Number of asset objects unloaded after import = 19
========================================================================
Received Import Request.
  Time since last request: 1.586288 seconds.
  path: Assets/Blades/Blade verde.prefab
  artifactKey: Guid(115573996bd2d3849ab98dd0ff3bb2cf) Importer(815301076,1909f56bfc062723c751e8b465ee728b)
Start importing Assets/Blades/Blade verde.prefab using Guid(115573996bd2d3849ab98dd0ff3bb2cf) Importer(815301076,1909f56bfc062723c751e8b465ee728b)  -> (artifact id: 'cca8a31a11162c76264722aab89d39e2') in 0.023777 seconds
Number of updated asset objects reloaded before import = 0
Number of asset objects unloaded after import = 19
========================================================================
Received Import Request.
  Time since last request: 6.131519 seconds.
  path: Assets/Blades/Blade verde.prefab
  artifactKey: Guid(115573996bd2d3849ab98dd0ff3bb2cf) Importer(815301076,1909f56bfc062723c751e8b465ee728b)
Start importing Assets/Blades/Blade verde.prefab using Guid(115573996bd2d3849ab98dd0ff3bb2cf) Importer(815301076,1909f56bfc062723c751e8b465ee728b)  -> (artifact id: 'f2266b19cfb6d41170e921c1b8b38857') in 0.014748 seconds
Number of updated asset objects reloaded before import = 0
Number of asset objects unloaded after import = 36
========================================================================
Received Import Request.
  Time since last request: 48.953522 seconds.
  path: Assets/Blades/Blade (1) Variant.prefab
  artifactKey: Guid(721ca658acb050340b43ec9dd2e51e19) Importer(815301076,1909f56bfc062723c751e8b465ee728b)
Start importing Assets/Blades/Blade (1) Variant.prefab using Guid(721ca658acb050340b43ec9dd2e51e19) Importer(815301076,1909f56bfc062723c751e8b465ee728b)  -> (artifact id: '045d884488a238d41781c841567d2ae3') in 0.030138 seconds
Number of updated asset objects reloaded before import = 0
Number of asset objects unloaded after import = 19
========================================================================
Received Import Request.
  Time since last request: 11.279730 seconds.
  path: Assets/Blades/Blade rainbow.prefab
  artifactKey: Guid(721ca658acb050340b43ec9dd2e51e19) Importer(815301076,1909f56bfc062723c751e8b465ee728b)
Start importing Assets/Blades/Blade rainbow.prefab using Guid(721ca658acb050340b43ec9dd2e51e19) Importer(815301076,1909f56bfc062723c751e8b465ee728b)  -> (artifact id: '0fd3423906239f39a0174668d92b3337') in 0.013107 seconds
Number of updated asset objects reloaded before import = 0
Number of asset objects unloaded after import = 19
========================================================================
Received Import Request.
  Time since last request: 19.193481 seconds.
  path: Assets/Blades/Blade rainbow.prefab
  artifactKey: Guid(721ca658acb050340b43ec9dd2e51e19) Importer(815301076,1909f56bfc062723c751e8b465ee728b)
Start importing Assets/Blades/Blade rainbow.prefab using Guid(721ca658acb050340b43ec9dd2e51e19) Importer(815301076,1909f56bfc062723c751e8b465ee728b)  -> (artifact id: '66dc0d4b0f1785edbbec2bef90c95581') in 0.015414 seconds
Number of updated asset objects reloaded before import = 0
Number of asset objects unloaded after import = 19
========================================================================
Received Import Request.
  Time since last request: 1.213942 seconds.
  path: Assets/Blades/Blade rainbow.prefab
  artifactKey: Guid(721ca658acb050340b43ec9dd2e51e19) Importer(815301076,1909f56bfc062723c751e8b465ee728b)
Start importing Assets/Blades/Blade rainbow.prefab using Guid(721ca658acb050340b43ec9dd2e51e19) Importer(815301076,1909f56bfc062723c751e8b465ee728b)  -> (artifact id: '0e176969e66323b87e56ba998c5513e7') in 0.020830 seconds
Number of updated asset objects reloaded before import = 0
Number of asset objects unloaded after import = 19
========================================================================
Received Import Request.
  Time since last request: 9.350311 seconds.
  path: Assets/Blades/Blade rainbow.prefab
  artifactKey: Guid(721ca658acb050340b43ec9dd2e51e19) Importer(815301076,1909f56bfc062723c751e8b465ee728b)
Start importing Assets/Blades/Blade rainbow.prefab using Guid(721ca658acb050340b43ec9dd2e51e19) Importer(815301076,1909f56bfc062723c751e8b465ee728b)  -> (artifact id: '4ec218b452d42ddff94f92778d4e8c41') in 0.015728 seconds
Number of updated asset objects reloaded before import = 0
Number of asset objects unloaded after import = 19
========================================================================
Received Import Request.
  Time since last request: 2.842379 seconds.
  path: Assets/Blades/Blade rainbow.prefab
  artifactKey: Guid(721ca658acb050340b43ec9dd2e51e19) Importer(815301076,1909f56bfc062723c751e8b465ee728b)
Start importing Assets/Blades/Blade rainbow.prefab using Guid(721ca658acb050340b43ec9dd2e51e19) Importer(815301076,1909f56bfc062723c751e8b465ee728b)  -> (artifact id: '920fdbef0b46d4f6a123628cfbc7246e') in 0.015956 seconds
Number of updated asset objects reloaded before import = 0
Number of asset objects unloaded after import = 19
========================================================================
Received Import Request.
  Time since last request: 4.120297 seconds.
  path: Assets/Blades/Blade rainbow.prefab
  artifactKey: Guid(721ca658acb050340b43ec9dd2e51e19) Importer(815301076,1909f56bfc062723c751e8b465ee728b)
Start importing Assets/Blades/Blade rainbow.prefab using Guid(721ca658acb050340b43ec9dd2e51e19) Importer(815301076,1909f56bfc062723c751e8b465ee728b)  -> (artifact id: 'df452ac1cf912889c52e872bb34c74cf') in 0.014412 seconds
Number of updated asset objects reloaded before import = 0
Number of asset objects unloaded after import = 19
========================================================================
Received Import Request.
  Time since last request: 7.605444 seconds.
  path: Assets/Blades/Blade rainbow.prefab
  artifactKey: Guid(721ca658acb050340b43ec9dd2e51e19) Importer(815301076,1909f56bfc062723c751e8b465ee728b)
Start importing Assets/Blades/Blade rainbow.prefab using Guid(721ca658acb050340b43ec9dd2e51e19) Importer(815301076,1909f56bfc062723c751e8b465ee728b)  -> (artifact id: 'e897d5bf08891dfdf152219144eda8bb') in 0.012968 seconds
Number of updated asset objects reloaded before import = 0
Number of asset objects unloaded after import = 19
========================================================================
Received Import Request.
  Time since last request: 2.426769 seconds.
  path: Assets/Blades/Blade rainbow.prefab
  artifactKey: Guid(721ca658acb050340b43ec9dd2e51e19) Importer(815301076,1909f56bfc062723c751e8b465ee728b)
Start importing Assets/Blades/Blade rainbow.prefab using Guid(721ca658acb050340b43ec9dd2e51e19) Importer(815301076,1909f56bfc062723c751e8b465ee728b)  -> (artifact id: 'ef62579edbc6f5ddfab9120176ea9079') in 0.012908 seconds
Number of updated asset objects reloaded before import = 0
Number of asset objects unloaded after import = 19
========================================================================
Received Import Request.
  Time since last request: 45.093710 seconds.
  path: Assets/Blades/Blade rainbow.prefab
  artifactKey: Guid(721ca658acb050340b43ec9dd2e51e19) Importer(815301076,1909f56bfc062723c751e8b465ee728b)
Start importing Assets/Blades/Blade rainbow.prefab using Guid(721ca658acb050340b43ec9dd2e51e19) Importer(815301076,1909f56bfc062723c751e8b465ee728b)  -> (artifact id: '55666efb7dac17110dd89cdb1712a923') in 0.013459 seconds
Number of updated asset objects reloaded before import = 0
Number of asset objects unloaded after import = 19
========================================================================
Received Import Request.
  Time since last request: 2.300709 seconds.
  path: Assets/Blades/Blade rainbow.prefab
  artifactKey: Guid(721ca658acb050340b43ec9dd2e51e19) Importer(815301076,1909f56bfc062723c751e8b465ee728b)
Start importing Assets/Blades/Blade rainbow.prefab using Guid(721ca658acb050340b43ec9dd2e51e19) Importer(815301076,1909f56bfc062723c751e8b465ee728b)  -> (artifact id: '5f4db4a45a205ee697c084593c1fee16') in 0.012761 seconds
Number of updated asset objects reloaded before import = 0
Number of asset objects unloaded after import = 19
========================================================================
Received Import Request.
  Time since last request: 14.085990 seconds.
  path: Assets/Blades/Blade rainbow.prefab
  artifactKey: Guid(721ca658acb050340b43ec9dd2e51e19) Importer(815301076,1909f56bfc062723c751e8b465ee728b)
Start importing Assets/Blades/Blade rainbow.prefab using Guid(721ca658acb050340b43ec9dd2e51e19) Importer(815301076,1909f56bfc062723c751e8b465ee728b)  -> (artifact id: '37746128f160abb04bb58dad34bae046') in 0.015247 seconds
Number of updated asset objects reloaded before import = 0
Number of asset objects unloaded after import = 19
========================================================================
Received Import Request.
  Time since last request: 25.919110 seconds.
  path: Assets/Blades/Blade rainbow.prefab
  artifactKey: Guid(721ca658acb050340b43ec9dd2e51e19) Importer(815301076,1909f56bfc062723c751e8b465ee728b)
Start importing Assets/Blades/Blade rainbow.prefab using Guid(721ca658acb050340b43ec9dd2e51e19) Importer(815301076,1909f56bfc062723c751e8b465ee728b)  -> (artifact id: '49106c5194c427d55f6027ba554948eb') in 0.017734 seconds
Number of updated asset objects reloaded before import = 0
Number of asset objects unloaded after import = 19
========================================================================
Received Import Request.
  Time since last request: 10.501837 seconds.
  path: Assets/Blades/Blade rainbow.prefab
  artifactKey: Guid(721ca658acb050340b43ec9dd2e51e19) Importer(815301076,1909f56bfc062723c751e8b465ee728b)
Start importing Assets/Blades/Blade rainbow.prefab using Guid(721ca658acb050340b43ec9dd2e51e19) Importer(815301076,1909f56bfc062723c751e8b465ee728b)  -> (artifact id: 'dd6073e593ee12df203726c5833d6aff') in 0.018488 seconds
Number of updated asset objects reloaded before import = 0
Number of asset objects unloaded after import = 19
========================================================================
Received Import Request.
  Time since last request: 3.146127 seconds.
  path: Assets/Blades/Blade rainbow.prefab
  artifactKey: Guid(721ca658acb050340b43ec9dd2e51e19) Importer(815301076,1909f56bfc062723c751e8b465ee728b)
Start importing Assets/Blades/Blade rainbow.prefab using Guid(721ca658acb050340b43ec9dd2e51e19) Importer(815301076,1909f56bfc062723c751e8b465ee728b)  -> (artifact id: '90592e3dfa6aeb9c5fab99385036b58c') in 0.012396 seconds
Number of updated asset objects reloaded before import = 0
Number of asset objects unloaded after import = 19
========================================================================
Received Import Request.
  Time since last request: 9.153275 seconds.
  path: Assets/Blades/Blade rainbow.prefab
  artifactKey: Guid(721ca658acb050340b43ec9dd2e51e19) Importer(815301076,1909f56bfc062723c751e8b465ee728b)
Start importing Assets/Blades/Blade rainbow.prefab using Guid(721ca658acb050340b43ec9dd2e51e19) Importer(815301076,1909f56bfc062723c751e8b465ee728b)  -> (artifact id: 'd6f02e27ab65b40b3a9f4acce16b5ace') in 0.020411 seconds
Number of updated asset objects reloaded before import = 0
Number of asset objects unloaded after import = 19
========================================================================
Received Import Request.
  Time since last request: 0.104467 seconds.
  path: Assets/Blades/Blade rainbow.prefab
  artifactKey: Guid(721ca658acb050340b43ec9dd2e51e19) Importer(815301076,1909f56bfc062723c751e8b465ee728b)
Start importing Assets/Blades/Blade rainbow.prefab using Guid(721ca658acb050340b43ec9dd2e51e19) Importer(815301076,1909f56bfc062723c751e8b465ee728b)  -> (artifact id: '3628a6b9e92298f18f987d17b1c09366') in 0.017941 seconds
Number of updated asset objects reloaded before import = 0
Number of asset objects unloaded after import = 19
========================================================================
Received Import Request.
  Time since last request: 0.386338 seconds.
  path: Assets/Blades/Blade rainbow.prefab
  artifactKey: Guid(721ca658acb050340b43ec9dd2e51e19) Importer(815301076,1909f56bfc062723c751e8b465ee728b)
Start importing Assets/Blades/Blade rainbow.prefab using Guid(721ca658acb050340b43ec9dd2e51e19) Importer(815301076,1909f56bfc062723c751e8b465ee728b)  -> (artifact id: '4dc960acc5ed4bef870353b49ffd834a') in 0.013787 seconds
Number of updated asset objects reloaded before import = 0
Number of asset objects unloaded after import = 19
========================================================================
Received Import Request.
  Time since last request: 9.341000 seconds.
  path: Assets/Blades/Blade rainbow.prefab
  artifactKey: Guid(721ca658acb050340b43ec9dd2e51e19) Importer(815301076,1909f56bfc062723c751e8b465ee728b)
Start importing Assets/Blades/Blade rainbow.prefab using Guid(721ca658acb050340b43ec9dd2e51e19) Importer(815301076,1909f56bfc062723c751e8b465ee728b)  -> (artifact id: '4c45d1cc2c3138fa6a8bc5cc9e07e9ea') in 0.013743 seconds
Number of updated asset objects reloaded before import = 0
Number of asset objects unloaded after import = 19
========================================================================
Received Import Request.
  Time since last request: 3.221376 seconds.
  path: Assets/Blades/Blade rainbow.prefab
  artifactKey: Guid(721ca658acb050340b43ec9dd2e51e19) Importer(815301076,1909f56bfc062723c751e8b465ee728b)
Start importing Assets/Blades/Blade rainbow.prefab using Guid(721ca658acb050340b43ec9dd2e51e19) Importer(815301076,1909f56bfc062723c751e8b465ee728b)  -> (artifact id: '426a51ed926a4987d9098911fe8f7ace') in 0.014008 seconds
Number of updated asset objects reloaded before import = 0
Number of asset objects unloaded after import = 19
========================================================================
Received Import Request.
  Time since last request: 6.469371 seconds.
  path: Assets/Blades/Blade rainbow.prefab
  artifactKey: Guid(721ca658acb050340b43ec9dd2e51e19) Importer(815301076,1909f56bfc062723c751e8b465ee728b)
Start importing Assets/Blades/Blade rainbow.prefab using Guid(721ca658acb050340b43ec9dd2e51e19) Importer(815301076,1909f56bfc062723c751e8b465ee728b)  -> (artifact id: '6ea17db95e2e1f4f50dd0b754eb3f2d9') in 0.015859 seconds
Number of updated asset objects reloaded before import = 0
Number of asset objects unloaded after import = 19
========================================================================
Received Import Request.
  Time since last request: 5.918679 seconds.
  path: Assets/Blades/Blade rainbow.prefab
  artifactKey: Guid(721ca658acb050340b43ec9dd2e51e19) Importer(815301076,1909f56bfc062723c751e8b465ee728b)
Start importing Assets/Blades/Blade rainbow.prefab using Guid(721ca658acb050340b43ec9dd2e51e19) Importer(815301076,1909f56bfc062723c751e8b465ee728b)  -> (artifact id: '273d65d561b0d5ab430f2901437f21f2') in 0.013343 seconds
Number of updated asset objects reloaded before import = 0
Number of asset objects unloaded after import = 19
========================================================================
Received Import Request.
  Time since last request: 2.266615 seconds.
  path: Assets/Blades/Blade rainbow.prefab
  artifactKey: Guid(721ca658acb050340b43ec9dd2e51e19) Importer(815301076,1909f56bfc062723c751e8b465ee728b)
Start importing Assets/Blades/Blade rainbow.prefab using Guid(721ca658acb050340b43ec9dd2e51e19) Importer(815301076,1909f56bfc062723c751e8b465ee728b)  -> (artifact id: '8481fc89ab584c8870445df0cca7455e') in 0.016605 seconds
Number of updated asset objects reloaded before import = 0
Number of asset objects unloaded after import = 19
========================================================================
Received Import Request.
  Time since last request: 4.690805 seconds.
  path: Assets/Blades/Blade rainbow.prefab
  artifactKey: Guid(721ca658acb050340b43ec9dd2e51e19) Importer(815301076,1909f56bfc062723c751e8b465ee728b)
Start importing Assets/Blades/Blade rainbow.prefab using Guid(721ca658acb050340b43ec9dd2e51e19) Importer(815301076,1909f56bfc062723c751e8b465ee728b)  -> (artifact id: '56615f5f578f285de78d5d621699f9ad') in 0.020497 seconds
Number of updated asset objects reloaded before import = 0
Number of asset objects unloaded after import = 19
========================================================================
Received Prepare
Begin MonoManager ReloadAssembly
- Loaded All Assemblies, in  2.378 seconds
Refreshing native plugins compatible for Editor in 7.28 ms, found 3 plugins.
Native extension for WindowsStandalone target not found
[Package Manager] Server::EnsureServerProcessIsRunning -- launch failed, reason: Unity was launched with the -noUpm command-line argument
[Package Manager] UpmClient::Send -- Unable to send message (not connected to UPM process).
[Package Manager] Cannot connect to Unity Package Manager local server
Mono: successfully reloaded assembly
- Finished resetting the current domain, in  2.660 seconds
Domain Reload Profiling: 5037ms
	BeginReloadAssembly (660ms)
		ExecutionOrderSort (0ms)
		DisableScriptedObjects (23ms)
		BackupInstance (0ms)
		ReleaseScriptingObjects (0ms)
		CreateAndSetChildDomain (331ms)
	RebuildCommonClasses (60ms)
	RebuildNativeTypeToScriptingClass (15ms)
	initialDomainReloadingComplete (301ms)
	LoadAllAssembliesAndSetupDomain (1339ms)
		LoadAssemblies (1523ms)
		RebuildTransferFunctionScriptingTraits (0ms)
		AnalyzeDomain (26ms)
			TypeCache.Refresh (13ms)
				TypeCache.ScanAssembly (0ms)
			ScanForSourceGeneratedMonoScriptInfo (0ms)
			ResolveRequiredComponents (11ms)
	FinalizeReload (2661ms)
		ReleaseScriptCaches (0ms)
		RebuildScriptCaches (0ms)
		SetupLoadedEditorAssemblies (668ms)
			LogAssemblyErrors (0ms)
			InitializePlatformSupportModulesInManaged (10ms)
			SetLoadedEditorAssemblies (7ms)
			RefreshPlugins (0ms)
			BeforeProcessingInitializeOnLoad (105ms)
			ProcessInitializeOnLoadAttributes (480ms)
			ProcessInitializeOnLoadMethodAttributes (52ms)
			AfterProcessingInitializeOnLoad (13ms)
			EditorAssembliesLoaded (1ms)
		ExecutionOrderSort2 (0ms)
		AwakeInstancesAfterBackupRestoration (16ms)
Refreshing native plugins compatible for Editor in 5.15 ms, found 3 plugins.
Preloading 0 native plugins for Editor in 0.00 ms.
Unloading 3091 Unused Serialized files (Serialized files now loaded: 0)
Unloading 25 unused Assets / (32.6 KB). Loaded Objects now: 3590.
Memory consumption went from 124.5 MB to 124.4 MB.
Total: 8.146300 ms (FindLiveObjects: 0.725900 ms CreateObjectMapping: 0.142500 ms MarkObjects: 7.171100 ms  DeleteObjects: 0.105200 ms)

Prepare: number of updated asset objects reloaded= 0
AssetImportParameters requested are different than current active one (requested -> active):
  custom:container-demuxer-ogg: 62fdf1f143b41e24485cea50d1cbac27 -> 
  custom:video-decoder-ogg-theora: a1e56fd34408186e4bbccfd4996cb3dc -> 
  custom:framework-win-MediaFoundation: 216162199b28c13a410421893ffa2e32 -> 
  custom:CustomObjectIndexerAttribute: 9a22284fe3817be447336de3de66b15e -> 
  custom:container-demuxer-webm: 4f35f7cbe854078d1ac9338744f61a02 -> 
  custom:container-muxer-webm: aa71ff27fc2769a1b78a27578f13a17b -> 
  custom:video-decoder-webm-vp8: 9c59270c3fd7afecdb556c50c9e8de78 -> 
  custom:SearchIndexIgnoredProperties: e643bd26f0fe6173181afceb89e7c659 -> 
  custom:AudioImporter_EditorPlatform: d09bf68614088b80899f8185d706f6e7 -> 
  custom:video-encoder-webm-vp8: eb34c28f22e8b96e1ab97ce403110664 -> 
  custom:audio-decoder-ogg-vorbis: bf7c407c2cedff20999df2af8eb42d56 -> 
  custom:audio-encoder-webm-vorbis: bf7c407c2cedff20999df2af8eb42d56 -> 
========================================================================
Received Import Request.
  Time since last request: 818.059937 seconds.
  path: Assets/Blades/Blade rainbow.prefab
  artifactKey: Guid(721ca658acb050340b43ec9dd2e51e19) Importer(815301076,1909f56bfc062723c751e8b465ee728b)
Start importing Assets/Blades/Blade rainbow.prefab using Guid(721ca658acb050340b43ec9dd2e51e19) Importer(815301076,1909f56bfc062723c751e8b465ee728b)  -> (artifact id: '42d71f7bbb4b296b055d3c48dbfb295e') in 0.180081 seconds
Number of updated asset objects reloaded before import = 0
Number of asset objects unloaded after import = 19
========================================================================
Received Import Request.
  Time since last request: 0.000045 seconds.
  path: Assets/Blades/Blade verde.prefab
  artifactKey: Guid(115573996bd2d3849ab98dd0ff3bb2cf) Importer(815301076,1909f56bfc062723c751e8b465ee728b)
Start importing Assets/Blades/Blade verde.prefab using Guid(115573996bd2d3849ab98dd0ff3bb2cf) Importer(815301076,1909f56bfc062723c751e8b465ee728b)  -> (artifact id: '02dfc2fabf8ce194ae932c1af9c01b75') in 0.019138 seconds
Number of updated asset objects reloaded before import = 0
Number of asset objects unloaded after import = 19
========================================================================
Received Import Request.
  Time since last request: 0.000062 seconds.
  path: Assets/Blades/Blade white.prefab
  artifactKey: Guid(b4dd185480b3b444b983a7b2b94d7430) Importer(815301076,1909f56bfc062723c751e8b465ee728b)
Start importing Assets/Blades/Blade white.prefab using Guid(b4dd185480b3b444b983a7b2b94d7430) Importer(815301076,1909f56bfc062723c751e8b465ee728b)  -> (artifact id: '9009d3a95184ec9399c94bb5b7bad4ae') in 0.020491 seconds
Number of updated asset objects reloaded before import = 0
Number of asset objects unloaded after import = 9
========================================================================
Received Import Request.
  Time since last request: 219.384607 seconds.
  path: Assets/Blades/bladeRainbow.prefab
  artifactKey: Guid(721ca658acb050340b43ec9dd2e51e19) Importer(815301076,1909f56bfc062723c751e8b465ee728b)
Start importing Assets/Blades/bladeRainbow.prefab using Guid(721ca658acb050340b43ec9dd2e51e19) Importer(815301076,1909f56bfc062723c751e8b465ee728b)  -> (artifact id: '8b794753bb82930b61c0cb7d55a21ef2') in 0.017406 seconds
Number of updated asset objects reloaded before import = 0
Number of asset objects unloaded after import = 19
========================================================================
Received Import Request.
  Time since last request: 11.869451 seconds.
  path: Assets/Blades/bladeRed.prefab
  artifactKey: Guid(c836054396e45ff4b874526c3cc39f00) Importer(815301076,1909f56bfc062723c751e8b465ee728b)
Start importing Assets/Blades/bladeRed.prefab using Guid(c836054396e45ff4b874526c3cc39f00) Importer(815301076,1909f56bfc062723c751e8b465ee728b)  -> (artifact id: 'f220621a1ae1020f50f037c5fa750404') in 0.014626 seconds
Number of updated asset objects reloaded before import = 0
Number of asset objects unloaded after import = 19
========================================================================
Received Import Request.
  Time since last request: 94.103256 seconds.
  path: Assets/Blades/bladeGreen.prefab
  artifactKey: Guid(115573996bd2d3849ab98dd0ff3bb2cf) Importer(815301076,1909f56bfc062723c751e8b465ee728b)
Start importing Assets/Blades/bladeGreen.prefab using Guid(115573996bd2d3849ab98dd0ff3bb2cf) Importer(815301076,1909f56bfc062723c751e8b465ee728b)  -> (artifact id: '95fb10f0376adbe58e506ce66136dc35') in 0.015885 seconds
Number of updated asset objects reloaded before import = 0
Number of asset objects unloaded after import = 19
========================================================================
Received Import Request.
  Time since last request: 60.214442 seconds.
  path: Assets/Blades/blade.prefab
  artifactKey: Guid(b4dd185480b3b444b983a7b2b94d7430) Importer(815301076,1909f56bfc062723c751e8b465ee728b)
Start importing Assets/Blades/blade.prefab using Guid(b4dd185480b3b444b983a7b2b94d7430) Importer(815301076,1909f56bfc062723c751e8b465ee728b)  -> (artifact id: 'ca02c80dbad3dc48f50bab95e8f7f669') in 0.019514 seconds
Number of updated asset objects reloaded before import = 0
Number of asset objects unloaded after import = 9
========================================================================
Received Import Request.
  Time since last request: 0.000041 seconds.
  path: Assets/Blades/bladeRed.prefab
  artifactKey: Guid(c836054396e45ff4b874526c3cc39f00) Importer(815301076,1909f56bfc062723c751e8b465ee728b)
Start importing Assets/Blades/bladeRed.prefab using Guid(c836054396e45ff4b874526c3cc39f00) Importer(815301076,1909f56bfc062723c751e8b465ee728b)  -> (artifact id: '74054ba39110a70c2c1f9be426a16ee1') in 0.017097 seconds
Number of updated asset objects reloaded before import = 0
Number of asset objects unloaded after import = 19
========================================================================
Received Import Request.
  Time since last request: 5.452106 seconds.
  path: Assets/Scripts/Spawner.cs
  artifactKey: Guid(67cbb01aab7e91449b3572319217ec0a) Importer(815301076,1909f56bfc062723c751e8b465ee728b)
Start importing Assets/Scripts/Spawner.cs using Guid(67cbb01aab7e91449b3572319217ec0a) Importer(815301076,1909f56bfc062723c751e8b465ee728b)  -> (artifact id: '1a0d81d24f42e65642739961a131f5b5') in 0.001642 seconds
Number of updated asset objects reloaded before import = 0
Number of asset objects unloaded after import = 0
========================================================================
Received Prepare
Begin MonoManager ReloadAssembly
- Loaded All Assemblies, in  1.885 seconds
Refreshing native plugins compatible for Editor in 4.12 ms, found 3 plugins.
Native extension for WindowsStandalone target not found
[Package Manager] Server::EnsureServerProcessIsRunning -- launch failed, reason: Unity was launched with the -noUpm command-line argument
[Package Manager] UpmClient::Send -- Unable to send message (not connected to UPM process).
[Package Manager] Cannot connect to Unity Package Manager local server
Mono: successfully reloaded assembly
- Finished resetting the current domain, in  3.094 seconds
Domain Reload Profiling: 4978ms
	BeginReloadAssembly (854ms)
		ExecutionOrderSort (0ms)
		DisableScriptedObjects (27ms)
		BackupInstance (0ms)
		ReleaseScriptingObjects (0ms)
		CreateAndSetChildDomain (423ms)
	RebuildCommonClasses (54ms)
	RebuildNativeTypeToScriptingClass (16ms)
	initialDomainReloadingComplete (58ms)
	LoadAllAssembliesAndSetupDomain (902ms)
		LoadAssemblies (1115ms)
		RebuildTransferFunctionScriptingTraits (0ms)
		AnalyzeDomain (70ms)
			TypeCache.Refresh (41ms)
				TypeCache.ScanAssembly (2ms)
			ScanForSourceGeneratedMonoScriptInfo (13ms)
			ResolveRequiredComponents (14ms)
	FinalizeReload (3095ms)
		ReleaseScriptCaches (0ms)
		RebuildScriptCaches (0ms)
		SetupLoadedEditorAssemblies (670ms)
			LogAssemblyErrors (0ms)
			InitializePlatformSupportModulesInManaged (12ms)
			SetLoadedEditorAssemblies (7ms)
			RefreshPlugins (0ms)
			BeforeProcessingInitializeOnLoad (100ms)
			ProcessInitializeOnLoadAttributes (506ms)
			ProcessInitializeOnLoadMethodAttributes (32ms)
			AfterProcessingInitializeOnLoad (12ms)
			EditorAssembliesLoaded (0ms)
		ExecutionOrderSort2 (0ms)
		AwakeInstancesAfterBackupRestoration (16ms)
Refreshing native plugins compatible for Editor in 5.99 ms, found 3 plugins.
Preloading 0 native plugins for Editor in 0.00 ms.
Unloading 3091 Unused Serialized files (Serialized files now loaded: 0)
Unloading 25 unused Assets / (32.5 KB). Loaded Objects now: 3593.
Memory consumption went from 124.5 MB to 124.4 MB.
Total: 9.936500 ms (FindLiveObjects: 0.612000 ms CreateObjectMapping: 0.151100 ms MarkObjects: 9.031300 ms  DeleteObjects: 0.139800 ms)

Prepare: number of updated asset objects reloaded= 0
AssetImportParameters requested are different than current active one (requested -> active):
  custom:container-demuxer-ogg: 62fdf1f143b41e24485cea50d1cbac27 -> 
  custom:video-decoder-ogg-theora: a1e56fd34408186e4bbccfd4996cb3dc -> 
  custom:framework-win-MediaFoundation: 216162199b28c13a410421893ffa2e32 -> 
  custom:CustomObjectIndexerAttribute: 9a22284fe3817be447336de3de66b15e -> 
  custom:container-demuxer-webm: 4f35f7cbe854078d1ac9338744f61a02 -> 
  custom:container-muxer-webm: aa71ff27fc2769a1b78a27578f13a17b -> 
  custom:video-decoder-webm-vp8: 9c59270c3fd7afecdb556c50c9e8de78 -> 
  custom:SearchIndexIgnoredProperties: e643bd26f0fe6173181afceb89e7c659 -> 
  custom:AudioImporter_EditorPlatform: d09bf68614088b80899f8185d706f6e7 -> 
  custom:video-encoder-webm-vp8: eb34c28f22e8b96e1ab97ce403110664 -> 
  custom:audio-decoder-ogg-vorbis: bf7c407c2cedff20999df2af8eb42d56 -> 
  custom:audio-encoder-webm-vorbis: bf7c407c2cedff20999df2af8eb42d56 -> 
========================================================================
Received Prepare
Begin MonoManager ReloadAssembly
- Loaded All Assemblies, in  1.004 seconds
Refreshing native plugins compatible for Editor in 6.81 ms, found 3 plugins.
Native extension for WindowsStandalone target not found
[Package Manager] Server::EnsureServerProcessIsRunning -- launch failed, reason: Unity was launched with the -noUpm command-line argument
[Package Manager] UpmClient::Send -- Unable to send message (not connected to UPM process).
[Package Manager] Cannot connect to Unity Package Manager local server
Mono: successfully reloaded assembly
- Finished resetting the current domain, in  3.406 seconds
Domain Reload Profiling: 4407ms
	BeginReloadAssembly (278ms)
		ExecutionOrderSort (0ms)
		DisableScriptedObjects (6ms)
		BackupInstance (0ms)
		ReleaseScriptingObjects (0ms)
		CreateAndSetChildDomain (45ms)
	RebuildCommonClasses (52ms)
	RebuildNativeTypeToScriptingClass (15ms)
	initialDomainReloadingComplete (37ms)
	LoadAllAssembliesAndSetupDomain (618ms)
		LoadAssemblies (771ms)
		RebuildTransferFunctionScriptingTraits (0ms)
		AnalyzeDomain (35ms)
			TypeCache.Refresh (23ms)
				TypeCache.ScanAssembly (0ms)
			ScanForSourceGeneratedMonoScriptInfo (0ms)
			ResolveRequiredComponents (8ms)
	FinalizeReload (3408ms)
		ReleaseScriptCaches (0ms)
		RebuildScriptCaches (0ms)
		SetupLoadedEditorAssemblies (934ms)
			LogAssemblyErrors (0ms)
			InitializePlatformSupportModulesInManaged (10ms)
			SetLoadedEditorAssemblies (7ms)
			RefreshPlugins (0ms)
			BeforeProcessingInitializeOnLoad (115ms)
			ProcessInitializeOnLoadAttributes (731ms)
			ProcessInitializeOnLoadMethodAttributes (57ms)
			AfterProcessingInitializeOnLoad (13ms)
			EditorAssembliesLoaded (1ms)
		ExecutionOrderSort2 (0ms)
		AwakeInstancesAfterBackupRestoration (24ms)
Refreshing native plugins compatible for Editor in 15.14 ms, found 3 plugins.
Preloading 0 native plugins for Editor in 0.00 ms.
Unloading 3092 Unused Serialized files (Serialized files now loaded: 0)
Unloading 24 unused Assets / (31.7 KB). Loaded Objects now: 3596.
Memory consumption went from 124.7 MB to 124.7 MB.
Total: 11.824800 ms (FindLiveObjects: 1.064600 ms CreateObjectMapping: 0.189700 ms MarkObjects: 10.025300 ms  DeleteObjects: 0.538700 ms)

Prepare: number of updated asset objects reloaded= 0
AssetImportParameters requested are different than current active one (requested -> active):
  custom:container-demuxer-ogg: 62fdf1f143b41e24485cea50d1cbac27 -> 
  custom:video-decoder-ogg-theora: a1e56fd34408186e4bbccfd4996cb3dc -> 
  custom:framework-win-MediaFoundation: 216162199b28c13a410421893ffa2e32 -> 
  custom:CustomObjectIndexerAttribute: 9a22284fe3817be447336de3de66b15e -> 
  custom:container-demuxer-webm: 4f35f7cbe854078d1ac9338744f61a02 -> 
  custom:container-muxer-webm: aa71ff27fc2769a1b78a27578f13a17b -> 
  custom:video-decoder-webm-vp8: 9c59270c3fd7afecdb556c50c9e8de78 -> 
  custom:SearchIndexIgnoredProperties: e643bd26f0fe6173181afceb89e7c659 -> 
  custom:AudioImporter_EditorPlatform: d09bf68614088b80899f8185d706f6e7 -> 
  custom:video-encoder-webm-vp8: eb34c28f22e8b96e1ab97ce403110664 -> 
  custom:audio-decoder-ogg-vorbis: bf7c407c2cedff20999df2af8eb42d56 -> 
  custom:audio-encoder-webm-vorbis: bf7c407c2cedff20999df2af8eb42d56 -> 
========================================================================
Received Import Request.
  Time since last request: 172.415691 seconds.
  path: Assets/Blades/blade.prefab
  artifactKey: Guid(b4dd185480b3b444b983a7b2b94d7430) Importer(815301076,1909f56bfc062723c751e8b465ee728b)
Start importing Assets/Blades/blade.prefab using Guid(b4dd185480b3b444b983a7b2b94d7430) Importer(815301076,1909f56bfc062723c751e8b465ee728b)  -> (artifact id: 'e62602f4981fa852aa9ad89ab6f1bad8') in 0.170689 seconds
Number of updated asset objects reloaded before import = 0
Number of asset objects unloaded after import = 9
========================================================================
Received Import Request.
  Time since last request: 0.000423 seconds.
  path: Assets/Blades/bladeRed.prefab
  artifactKey: Guid(c836054396e45ff4b874526c3cc39f00) Importer(815301076,1909f56bfc062723c751e8b465ee728b)
Start importing Assets/Blades/bladeRed.prefab using Guid(c836054396e45ff4b874526c3cc39f00) Importer(815301076,1909f56bfc062723c751e8b465ee728b)  -> (artifact id: '88901da6a49552fd7db4568df097546f') in 0.031397 seconds
Number of updated asset objects reloaded before import = 0
Number of asset objects unloaded after import = 19
========================================================================
Received Import Request.
  Time since last request: 56.627351 seconds.
  path: Assets/Blades/bladeGreen.prefab
  artifactKey: Guid(115573996bd2d3849ab98dd0ff3bb2cf) Importer(815301076,1909f56bfc062723c751e8b465ee728b)
Start importing Assets/Blades/bladeGreen.prefab using Guid(115573996bd2d3849ab98dd0ff3bb2cf) Importer(815301076,1909f56bfc062723c751e8b465ee728b)  -> (artifact id: 'b420f0c1a6e28207d839d9d6111a136f') in 0.022706 seconds
Number of updated asset objects reloaded before import = 0
Number of asset objects unloaded after import = 19
========================================================================
Received Import Request.
  Time since last request: 0.000058 seconds.
  path: Assets/Blades/bladew.prefab
  artifactKey: Guid(b4dd185480b3b444b983a7b2b94d7430) Importer(815301076,1909f56bfc062723c751e8b465ee728b)
Start importing Assets/Blades/bladew.prefab using Guid(b4dd185480b3b444b983a7b2b94d7430) Importer(815301076,1909f56bfc062723c751e8b465ee728b)  -> (artifact id: 'a66fbc018317f827230c2bd015f59d64') in 0.016231 seconds
Number of updated asset objects reloaded before import = 0
Number of asset objects unloaded after import = 9
========================================================================
Received Prepare
Begin MonoManager ReloadAssembly
- Loaded All Assemblies, in  0.934 seconds
Refreshing native plugins compatible for Editor in 8.01 ms, found 3 plugins.
Native extension for WindowsStandalone target not found
[Package Manager] Server::EnsureServerProcessIsRunning -- launch failed, reason: Unity was launched with the -noUpm command-line argument
[Package Manager] UpmClient::Send -- Unable to send message (not connected to UPM process).
[Package Manager] Cannot connect to Unity Package Manager local server
Mono: successfully reloaded assembly
- Finished resetting the current domain, in  1.984 seconds
Domain Reload Profiling: 2914ms
	BeginReloadAssembly (234ms)
		ExecutionOrderSort (0ms)
		DisableScriptedObjects (7ms)
		BackupInstance (0ms)
		ReleaseScriptingObjects (0ms)
		CreateAndSetChildDomain (65ms)
	RebuildCommonClasses (70ms)
	RebuildNativeTypeToScriptingClass (22ms)
	initialDomainReloadingComplete (61ms)
	LoadAllAssembliesAndSetupDomain (540ms)
		LoadAssemblies (628ms)
		RebuildTransferFunctionScriptingTraits (0ms)
		AnalyzeDomain (36ms)
			TypeCache.Refresh (13ms)
				TypeCache.ScanAssembly (0ms)
			ScanForSourceGeneratedMonoScriptInfo (12ms)
			ResolveRequiredComponents (10ms)
	FinalizeReload (1985ms)
		ReleaseScriptCaches (0ms)
		RebuildScriptCaches (0ms)
		SetupLoadedEditorAssemblies (516ms)
			LogAssemblyErrors (0ms)
			InitializePlatformSupportModulesInManaged (8ms)
			SetLoadedEditorAssemblies (4ms)
			RefreshPlugins (0ms)
			BeforeProcessingInitializeOnLoad (67ms)
			ProcessInitializeOnLoadAttributes (396ms)
			ProcessInitializeOnLoadMethodAttributes (30ms)
			AfterProcessingInitializeOnLoad (9ms)
			EditorAssembliesLoaded (3ms)
		ExecutionOrderSort2 (0ms)
		AwakeInstancesAfterBackupRestoration (9ms)
Refreshing native plugins compatible for Editor in 4.42 ms, found 3 plugins.
Preloading 0 native plugins for Editor in 0.00 ms.
Unloading 3091 Unused Serialized files (Serialized files now loaded: 0)
Unloading 25 unused Assets / (32.5 KB). Loaded Objects now: 3599.
Memory consumption went from 124.5 MB to 124.5 MB.
Total: 5.009300 ms (FindLiveObjects: 0.593700 ms CreateObjectMapping: 0.210500 ms MarkObjects: 4.097300 ms  DeleteObjects: 0.104300 ms)

Prepare: number of updated asset objects reloaded= 0
AssetImportParameters requested are different than current active one (requested -> active):
  custom:container-demuxer-ogg: 62fdf1f143b41e24485cea50d1cbac27 -> 
  custom:video-decoder-ogg-theora: a1e56fd34408186e4bbccfd4996cb3dc -> 
  custom:framework-win-MediaFoundation: 216162199b28c13a410421893ffa2e32 -> 
  custom:CustomObjectIndexerAttribute: 9a22284fe3817be447336de3de66b15e -> 
  custom:container-demuxer-webm: 4f35f7cbe854078d1ac9338744f61a02 -> 
  custom:container-muxer-webm: aa71ff27fc2769a1b78a27578f13a17b -> 
  custom:video-decoder-webm-vp8: 9c59270c3fd7afecdb556c50c9e8de78 -> 
  custom:SearchIndexIgnoredProperties: e643bd26f0fe6173181afceb89e7c659 -> 
  custom:AudioImporter_EditorPlatform: d09bf68614088b80899f8185d706f6e7 -> 
  custom:video-encoder-webm-vp8: eb34c28f22e8b96e1ab97ce403110664 -> 
  custom:audio-decoder-ogg-vorbis: bf7c407c2cedff20999df2af8eb42d56 -> 
  custom:audio-encoder-webm-vorbis: bf7c407c2cedff20999df2af8eb42d56 -> 
========================================================================
Received Prepare
Begin MonoManager ReloadAssembly
- Loaded All Assemblies, in  1.293 seconds
Refreshing native plugins compatible for Editor in 6.03 ms, found 3 plugins.
Native extension for WindowsStandalone target not found
[Package Manager] Server::EnsureServerProcessIsRunning -- launch failed, reason: Unity was launched with the -noUpm command-line argument
[Package Manager] UpmClient::Send -- Unable to send message (not connected to UPM process).
[Package Manager] Cannot connect to Unity Package Manager local server
Mono: successfully reloaded assembly
- Finished resetting the current domain, in  2.314 seconds
Domain Reload Profiling: 3606ms
	BeginReloadAssembly (453ms)
		ExecutionOrderSort (0ms)
		DisableScriptedObjects (25ms)
		BackupInstance (0ms)
		ReleaseScriptingObjects (1ms)
		CreateAndSetChildDomain (162ms)
	RebuildCommonClasses (44ms)
	RebuildNativeTypeToScriptingClass (14ms)
	initialDomainReloadingComplete (51ms)
	LoadAllAssembliesAndSetupDomain (728ms)
		LoadAssemblies (851ms)
		RebuildTransferFunctionScriptingTraits (0ms)
		AnalyzeDomain (50ms)
			TypeCache.Refresh (26ms)
				TypeCache.ScanAssembly (1ms)
			ScanForSourceGeneratedMonoScriptInfo (14ms)
			ResolveRequiredComponents (8ms)
	FinalizeReload (2316ms)
		ReleaseScriptCaches (0ms)
		RebuildScriptCaches (0ms)
		SetupLoadedEditorAssemblies (547ms)
			LogAssemblyErrors (0ms)
			InitializePlatformSupportModulesInManaged (8ms)
			SetLoadedEditorAssemblies (7ms)
			RefreshPlugins (0ms)
			BeforeProcessingInitializeOnLoad (85ms)
			ProcessInitializeOnLoadAttributes (410ms)
			ProcessInitializeOnLoadMethodAttributes (25ms)
			AfterProcessingInitializeOnLoad (11ms)
			EditorAssembliesLoaded (1ms)
		ExecutionOrderSort2 (0ms)
		AwakeInstancesAfterBackupRestoration (19ms)
Refreshing native plugins compatible for Editor in 3.58 ms, found 3 plugins.
Preloading 0 native plugins for Editor in 0.00 ms.
Unloading 3092 Unused Serialized files (Serialized files now loaded: 0)
Unloading 24 unused Assets / (31.6 KB). Loaded Objects now: 3602.
Memory consumption went from 124.7 MB to 124.7 MB.
Total: 6.247200 ms (FindLiveObjects: 0.476000 ms CreateObjectMapping: 0.206300 ms MarkObjects: 5.387900 ms  DeleteObjects: 0.174600 ms)

Prepare: number of updated asset objects reloaded= 0
AssetImportParameters requested are different than current active one (requested -> active):
  custom:container-demuxer-ogg: 62fdf1f143b41e24485cea50d1cbac27 -> 
  custom:video-decoder-ogg-theora: a1e56fd34408186e4bbccfd4996cb3dc -> 
  custom:framework-win-MediaFoundation: 216162199b28c13a410421893ffa2e32 -> 
  custom:CustomObjectIndexerAttribute: 9a22284fe3817be447336de3de66b15e -> 
  custom:container-demuxer-webm: 4f35f7cbe854078d1ac9338744f61a02 -> 
  custom:container-muxer-webm: aa71ff27fc2769a1b78a27578f13a17b -> 
  custom:video-decoder-webm-vp8: 9c59270c3fd7afecdb556c50c9e8de78 -> 
  custom:SearchIndexIgnoredProperties: e643bd26f0fe6173181afceb89e7c659 -> 
  custom:AudioImporter_EditorPlatform: d09bf68614088b80899f8185d706f6e7 -> 
  custom:video-encoder-webm-vp8: eb34c28f22e8b96e1ab97ce403110664 -> 
  custom:audio-decoder-ogg-vorbis: bf7c407c2cedff20999df2af8eb42d56 -> 
  custom:audio-encoder-webm-vorbis: bf7c407c2cedff20999df2af8eb42d56 -> 
========================================================================
Received Prepare
Begin MonoManager ReloadAssembly
- Loaded All Assemblies, in  1.021 seconds
Refreshing native plugins compatible for Editor in 8.13 ms, found 3 plugins.
Native extension for WindowsStandalone target not found
[Package Manager] Server::EnsureServerProcessIsRunning -- launch failed, reason: Unity was launched with the -noUpm command-line argument
[Package Manager] UpmClient::Send -- Unable to send message (not connected to UPM process).
[Package Manager] Cannot connect to Unity Package Manager local server
Mono: successfully reloaded assembly
- Finished resetting the current domain, in  1.979 seconds
Domain Reload Profiling: 2997ms
	BeginReloadAssembly (305ms)
		ExecutionOrderSort (0ms)
		DisableScriptedObjects (6ms)
		BackupInstance (0ms)
		ReleaseScriptingObjects (0ms)
		CreateAndSetChildDomain (71ms)
	RebuildCommonClasses (57ms)
	RebuildNativeTypeToScriptingClass (16ms)
	initialDomainReloadingComplete (54ms)
	LoadAllAssembliesAndSetupDomain (586ms)
		LoadAssemblies (732ms)
		RebuildTransferFunctionScriptingTraits (0ms)
		AnalyzeDomain (35ms)
			TypeCache.Refresh (12ms)
				TypeCache.ScanAssembly (0ms)
			ScanForSourceGeneratedMonoScriptInfo (11ms)
			ResolveRequiredComponents (8ms)
	FinalizeReload (1980ms)
		ReleaseScriptCaches (0ms)
		RebuildScriptCaches (0ms)
		SetupLoadedEditorAssemblies (535ms)
			LogAssemblyErrors (0ms)
			InitializePlatformSupportModulesInManaged (11ms)
			SetLoadedEditorAssemblies (6ms)
			RefreshPlugins (0ms)
			BeforeProcessingInitializeOnLoad (97ms)
			ProcessInitializeOnLoadAttributes (378ms)
			ProcessInitializeOnLoadMethodAttributes (31ms)
			AfterProcessingInitializeOnLoad (12ms)
			EditorAssembliesLoaded (0ms)
		ExecutionOrderSort2 (0ms)
		AwakeInstancesAfterBackupRestoration (13ms)
Refreshing native plugins compatible for Editor in 9.01 ms, found 3 plugins.
Preloading 0 native plugins for Editor in 0.00 ms.
Unloading 3092 Unused Serialized files (Serialized files now loaded: 0)
Unloading 24 unused Assets / (31.6 KB). Loaded Objects now: 3605.
Memory consumption went from 124.7 MB to 124.7 MB.
Total: 9.232900 ms (FindLiveObjects: 0.970900 ms CreateObjectMapping: 0.411400 ms MarkObjects: 7.377100 ms  DeleteObjects: 0.464100 ms)

Prepare: number of updated asset objects reloaded= 0
AssetImportParameters requested are different than current active one (requested -> active):
  custom:container-demuxer-ogg: 62fdf1f143b41e24485cea50d1cbac27 -> 
  custom:video-decoder-ogg-theora: a1e56fd34408186e4bbccfd4996cb3dc -> 
  custom:framework-win-MediaFoundation: 216162199b28c13a410421893ffa2e32 -> 
  custom:CustomObjectIndexerAttribute: 9a22284fe3817be447336de3de66b15e -> 
  custom:container-demuxer-webm: 4f35f7cbe854078d1ac9338744f61a02 -> 
  custom:container-muxer-webm: aa71ff27fc2769a1b78a27578f13a17b -> 
  custom:video-decoder-webm-vp8: 9c59270c3fd7afecdb556c50c9e8de78 -> 
  custom:SearchIndexIgnoredProperties: e643bd26f0fe6173181afceb89e7c659 -> 
  custom:AudioImporter_EditorPlatform: d09bf68614088b80899f8185d706f6e7 -> 
  custom:video-encoder-webm-vp8: eb34c28f22e8b96e1ab97ce403110664 -> 
  custom:audio-decoder-ogg-vorbis: bf7c407c2cedff20999df2af8eb42d56 -> 
  custom:audio-encoder-webm-vorbis: bf7c407c2cedff20999df2af8eb42d56 -> 
========================================================================
Received Prepare
Begin MonoManager ReloadAssembly
- Loaded All Assemblies, in  0.603 seconds
Refreshing native plugins compatible for Editor in 5.44 ms, found 3 plugins.
Native extension for WindowsStandalone target not found
[Package Manager] Server::EnsureServerProcessIsRunning -- launch failed, reason: Unity was launched with the -noUpm command-line argument
[Package Manager] UpmClient::Send -- Unable to send message (not connected to UPM process).
[Package Manager] Cannot connect to Unity Package Manager local server
Mono: successfully reloaded assembly
- Finished resetting the current domain, in  2.041 seconds
Domain Reload Profiling: 2642ms
	BeginReloadAssembly (195ms)
		ExecutionOrderSort (0ms)
		DisableScriptedObjects (6ms)
		BackupInstance (0ms)
		ReleaseScriptingObjects (0ms)
		CreateAndSetChildDomain (51ms)
	RebuildCommonClasses (40ms)
	RebuildNativeTypeToScriptingClass (13ms)
	initialDomainReloadingComplete (36ms)
	LoadAllAssembliesAndSetupDomain (316ms)
		LoadAssemblies (390ms)
		RebuildTransferFunctionScriptingTraits (0ms)
		AnalyzeDomain (22ms)
			TypeCache.Refresh (12ms)
				TypeCache.ScanAssembly (0ms)
			ScanForSourceGeneratedMonoScriptInfo (0ms)
			ResolveRequiredComponents (8ms)
	FinalizeReload (2043ms)
		ReleaseScriptCaches (0ms)
		RebuildScriptCaches (0ms)
		SetupLoadedEditorAssemblies (845ms)
			LogAssemblyErrors (0ms)
			InitializePlatformSupportModulesInManaged (12ms)
			SetLoadedEditorAssemblies (6ms)
			RefreshPlugins (0ms)
			BeforeProcessingInitializeOnLoad (119ms)
			ProcessInitializeOnLoadAttributes (650ms)
			ProcessInitializeOnLoadMethodAttributes (47ms)
			AfterProcessingInitializeOnLoad (10ms)
			EditorAssembliesLoaded (0ms)
		ExecutionOrderSort2 (0ms)
		AwakeInstancesAfterBackupRestoration (18ms)
Refreshing native plugins compatible for Editor in 5.45 ms, found 3 plugins.
Preloading 0 native plugins for Editor in 0.00 ms.
Unloading 3092 Unused Serialized files (Serialized files now loaded: 0)
Unloading 24 unused Assets / (31.6 KB). Loaded Objects now: 3608.
Memory consumption went from 124.7 MB to 124.7 MB.
Total: 10.606600 ms (FindLiveObjects: 1.500600 ms CreateObjectMapping: 1.088700 ms MarkObjects: 7.764100 ms  DeleteObjects: 0.247600 ms)

Prepare: number of updated asset objects reloaded= 0
AssetImportParameters requested are different than current active one (requested -> active):
  custom:container-demuxer-ogg: 62fdf1f143b41e24485cea50d1cbac27 -> 
  custom:video-decoder-ogg-theora: a1e56fd34408186e4bbccfd4996cb3dc -> 
  custom:framework-win-MediaFoundation: 216162199b28c13a410421893ffa2e32 -> 
  custom:CustomObjectIndexerAttribute: 9a22284fe3817be447336de3de66b15e -> 
  custom:container-demuxer-webm: 4f35f7cbe854078d1ac9338744f61a02 -> 
  custom:container-muxer-webm: aa71ff27fc2769a1b78a27578f13a17b -> 
  custom:video-decoder-webm-vp8: 9c59270c3fd7afecdb556c50c9e8de78 -> 
  custom:SearchIndexIgnoredProperties: e643bd26f0fe6173181afceb89e7c659 -> 
  custom:AudioImporter_EditorPlatform: d09bf68614088b80899f8185d706f6e7 -> 
  custom:video-encoder-webm-vp8: eb34c28f22e8b96e1ab97ce403110664 -> 
  custom:audio-decoder-ogg-vorbis: bf7c407c2cedff20999df2af8eb42d56 -> 
  custom:audio-encoder-webm-vorbis: bf7c407c2cedff20999df2af8eb42d56 -> 
========================================================================
Received Import Request.
  Time since last request: 300.771791 seconds.
  path: Assets/Blades/bladeGreen.prefab
  artifactKey: Guid(115573996bd2d3849ab98dd0ff3bb2cf) Importer(815301076,1909f56bfc062723c751e8b465ee728b)
Start importing Assets/Blades/bladeGreen.prefab using Guid(115573996bd2d3849ab98dd0ff3bb2cf) Importer(815301076,1909f56bfc062723c751e8b465ee728b)  -> (artifact id: 'ade446ca025a45b6a73730ab0be77f2d') in 0.153490 seconds
Number of updated asset objects reloaded before import = 0
Number of asset objects unloaded after import = 19
========================================================================
Received Import Request.
  Time since last request: 0.000276 seconds.
  path: Assets/Blades/bladeRed.prefab
  artifactKey: Guid(c836054396e45ff4b874526c3cc39f00) Importer(815301076,1909f56bfc062723c751e8b465ee728b)
Start importing Assets/Blades/bladeRed.prefab using Guid(c836054396e45ff4b874526c3cc39f00) Importer(815301076,1909f56bfc062723c751e8b465ee728b)  -> (artifact id: '53637896a94b2d49a68149a7b66a2dea') in 0.017092 seconds
Number of updated asset objects reloaded before import = 0
Number of asset objects unloaded after import = 19
========================================================================
Received Import Request.
  Time since last request: 147.956258 seconds.
  path: Assets/Scripts/GameManager.cs
  artifactKey: Guid(3307b9a2a036f694ab035a3c6561d668) Importer(815301076,1909f56bfc062723c751e8b465ee728b)
Start importing Assets/Scripts/GameManager.cs using Guid(3307b9a2a036f694ab035a3c6561d668) Importer(815301076,1909f56bfc062723c751e8b465ee728b)  -> (artifact id: '1d469ea4b92d7cb2dedbad4eeb850306') in 0.001185 seconds
Number of updated asset objects reloaded before import = 0
Number of asset objects unloaded after import = 0
========================================================================
Received Import Request.
  Time since last request: 255.431450 seconds.
  path: Assets/Scripts/Bomb.cs
  artifactKey: Guid(be27eaf5664da9a4b9e3b0fc6c055e64) Importer(815301076,1909f56bfc062723c751e8b465ee728b)
Start importing Assets/Scripts/Bomb.cs using Guid(be27eaf5664da9a4b9e3b0fc6c055e64) Importer(815301076,1909f56bfc062723c751e8b465ee728b)  -> (artifact id: '86e848d2eaa325629c3ae3fb4ee69808') in 0.003869 seconds
Number of updated asset objects reloaded before import = 0
Number of asset objects unloaded after import = 0
========================================================================
Received Import Request.
  Time since last request: 0.800354 seconds.
  path: Assets/Scripts/Blade.cs
  artifactKey: Guid(62b012935e9bffd41afbdb383050bfd3) Importer(815301076,1909f56bfc062723c751e8b465ee728b)
Start importing Assets/Scripts/Blade.cs using Guid(62b012935e9bffd41afbdb383050bfd3) Importer(815301076,1909f56bfc062723c751e8b465ee728b)  -> (artifact id: 'e8e3cf191f599d55e5225f636cd56a38') in 0.001307 seconds
Number of updated asset objects reloaded before import = 0
Number of asset objects unloaded after import = 0
========================================================================
Received Import Request.
  Time since last request: 25.770963 seconds.
  path: Assets/TextMesh Pro/Shaders/TMPro.cginc
  artifactKey: Guid(407bc68d299748449bbf7f48ee690f8d) Importer(815301076,1909f56bfc062723c751e8b465ee728b)
Start importing Assets/TextMesh Pro/Shaders/TMPro.cginc using Guid(407bc68d299748449bbf7f48ee690f8d) Importer(815301076,1909f56bfc062723c751e8b465ee728b)  -> (artifact id: '02bb6cf8c4cb0c8ea34a23e574e96b0b') in 0.010656 seconds
Number of updated asset objects reloaded before import = 0
Number of asset objects unloaded after import = 1
========================================================================
Received Import Request.
  Time since last request: 0.008027 seconds.
  path: Assets/TextMesh Pro/Shaders/TMPro_Properties.cginc
  artifactKey: Guid(3997e2241185407d80309a82f9148466) Importer(815301076,1909f56bfc062723c751e8b465ee728b)
Start importing Assets/TextMesh Pro/Shaders/TMPro_Properties.cginc using Guid(3997e2241185407d80309a82f9148466) Importer(815301076,1909f56bfc062723c751e8b465ee728b)  -> (artifact id: '3530579b36a83720cf87e6057e84ee04') in 0.004022 seconds
Number of updated asset objects reloaded before import = 0
Number of asset objects unloaded after import = 1
========================================================================
Received Import Request.
  Time since last request: 0.003983 seconds.
  path: Assets/TextMesh Pro/Shaders/TMPro_Surface.cginc
  artifactKey: Guid(d930090c0cd643c7b55f19a38538c162) Importer(815301076,1909f56bfc062723c751e8b465ee728b)
Start importing Assets/TextMesh Pro/Shaders/TMPro_Surface.cginc using Guid(d930090c0cd643c7b55f19a38538c162) Importer(815301076,1909f56bfc062723c751e8b465ee728b)  -> (artifact id: '8f349ec83474fb73325d9a3d8c9b58b5') in 0.006955 seconds
Number of updated asset objects reloaded before import = 0
Number of asset objects unloaded after import = 1
========================================================================
Received Import Request.
  Time since last request: 28.151542 seconds.
  path: Assets/Blades/Trail.prefab
  artifactKey: Guid(df85220780beab449bc7724b9b4d7093) Importer(815301076,1909f56bfc062723c751e8b465ee728b)
Start importing Assets/Blades/Trail.prefab using Guid(df85220780beab449bc7724b9b4d7093) Importer(815301076,1909f56bfc062723c751e8b465ee728b)  -> (artifact id: '166a19966cd991b34cabedecd370c881') in 0.144344 seconds
Number of updated asset objects reloaded before import = 0
Number of asset objects unloaded after import = 5
========================================================================
Received Import Request.
  Time since last request: 0.000393 seconds.
  path: Assets/Blades/bladeRed.prefab
  artifactKey: Guid(c836054396e45ff4b874526c3cc39f00) Importer(815301076,1909f56bfc062723c751e8b465ee728b)
Start importing Assets/Blades/bladeRed.prefab using Guid(c836054396e45ff4b874526c3cc39f00) Importer(815301076,1909f56bfc062723c751e8b465ee728b)  -> (artifact id: '00f711416d5c5521ed6cb9c29b79a897') in 0.036166 seconds
Number of updated asset objects reloaded before import = 0
Number of asset objects unloaded after import = 24
========================================================================
Received Import Request.
  Time since last request: 0.000083 seconds.
  path: Assets/Blades/bladeRainbow.prefab
  artifactKey: Guid(721ca658acb050340b43ec9dd2e51e19) Importer(815301076,1909f56bfc062723c751e8b465ee728b)
Start importing Assets/Blades/bladeRainbow.prefab using Guid(721ca658acb050340b43ec9dd2e51e19) Importer(815301076,1909f56bfc062723c751e8b465ee728b)  -> (artifact id: '4186ce5b7f601b3a8660f69b6360a707') in 0.032909 seconds
Number of updated asset objects reloaded before import = 0
Number of asset objects unloaded after import = 24
========================================================================
Received Import Request.
  Time since last request: 1.808366 seconds.
  path: Assets/Blades/bladeGreen.prefab
  artifactKey: Guid(115573996bd2d3849ab98dd0ff3bb2cf) Importer(815301076,1909f56bfc062723c751e8b465ee728b)
Start importing Assets/Blades/bladeGreen.prefab using Guid(115573996bd2d3849ab98dd0ff3bb2cf) Importer(815301076,1909f56bfc062723c751e8b465ee728b)  -> (artifact id: 'aeab667e2a79f6a14aaec8551ca8e750') in 0.022824 seconds
Number of updated asset objects reloaded before import = 0
Number of asset objects unloaded after import = 19
========================================================================
Received Import Request.
  Time since last request: 0.000043 seconds.
  path: Assets/Blades/bladeRed.prefab
  artifactKey: Guid(c836054396e45ff4b874526c3cc39f00) Importer(815301076,1909f56bfc062723c751e8b465ee728b)
Start importing Assets/Blades/bladeRed.prefab using Guid(c836054396e45ff4b874526c3cc39f00) Importer(815301076,1909f56bfc062723c751e8b465ee728b)  -> (artifact id: '30ce38bedb7eb0b2d7656b4ab0affe1f') in 0.029621 seconds
Number of updated asset objects reloaded before import = 0
Number of asset objects unloaded after import = 19
Editor requested this worker to shutdown with reason: Scaling down because of idle timeout
TcpMessagingSession - receive error: operation aborted. errorcode: 995, details: The I/O operation has been aborted because of either a thread exit or an application request.
AssetImportWorker is now disconnected from the server
Process exiting
Exiting without the bug reporter. Application will terminate with return code 0